<?xml version="1.0" encoding="UTF-8"?>
<testng-results ignored="0" total="1" passed="1" failed="0" skipped="0">
  <reporter-output>
  </reporter-output>
  <suite started-at="2023-07-26T10:13:33 IST" name="Suite" finished-at="2023-07-26T10:14:30 IST" duration-ms="56677">
    <groups>
      <group name="Smoke">
        <method signature="TC03VerifyAddToCartFunctionality.endToEnd(java.lang.String, java.lang.String)[pri:0, instance:com.myshop.testcases.TC03VerifyAddToCartFunctionality@7a419da4]" name="endToEnd" class="com.myshop.testcases.TC03VerifyAddToCartFunctionality"/>
      </group> <!-- Smoke -->
    </groups>
    <test started-at="2023-07-26T10:13:33 IST" name="Test" finished-at="2023-07-26T10:14:30 IST" duration-ms="56677">
      <class name="com.myshop.testcases.TC03VerifyAddToCartFunctionality">
        <test-method is-config="true" signature="loadConfig()[pri:0, instance:com.myshop.testcases.TC03VerifyAddToCartFunctionality@7a419da4]" started-at="2023-07-26T10:13:33 IST" name="loadConfig" finished-at="2023-07-26T10:13:33 IST" duration-ms="203" status="PASS">
          <reporter-output>
          </reporter-output>
        </test-method> <!-- loadConfig -->
        <test-method is-config="true" signature="setup(java.lang.String)[pri:0, instance:com.myshop.testcases.TC03VerifyAddToCartFunctionality@7a419da4]" started-at="2023-07-26T10:13:33 IST" name="setup" finished-at="2023-07-26T10:14:20 IST" duration-ms="47137" status="PASS">
          <params>
            <param index="0">
              <value>
                <![CDATA[Chrome]]>
              </value>
            </param>
          </params>
          <reporter-output>
          </reporter-output>
        </test-method> <!-- setup -->
        <test-method signature="endToEnd(java.lang.String, java.lang.String)[pri:0, instance:com.myshop.testcases.TC03VerifyAddToCartFunctionality@7a419da4]" started-at="2023-07-26T10:14:20 IST" name="endToEnd" data-provider="credentials" finished-at="2023-07-26T10:14:29 IST" duration-ms="8656" status="PASS">
          <params>
            <param index="0">
              <value>
                <![CDATA[standard_user]]>
              </value>
            </param>
            <param index="1">
              <value>
                <![CDATA[secret_sauce]]>
              </value>
            </param>
          </params>
          <reporter-output>
          </reporter-output>
        </test-method> <!-- endToEnd -->
        <test-method is-config="true" signature="tearDown()[pri:0, instance:com.myshop.testcases.TC03VerifyAddToCartFunctionality@7a419da4]" started-at="2023-07-26T10:14:29 IST" name="tearDown" finished-at="2023-07-26T10:14:30 IST" duration-ms="366" status="PASS">
          <reporter-output>
          </reporter-output>
        </test-method> <!-- tearDown -->
        <test-method is-config="true" signature="afterSuite()[pri:0, instance:com.myshop.testcases.TC03VerifyAddToCartFunctionality@7a419da4]" started-at="2023-07-26T10:14:30 IST" name="afterSuite" finished-at="2023-07-26T10:14:30 IST" duration-ms="269" status="PASS">
          <reporter-output>
          </reporter-output>
        </test-method> <!-- afterSuite -->
      </class> <!-- com.myshop.testcases.TC03VerifyAddToCartFunctionality -->
    </test> <!-- Test -->
  </suite> <!-- Suite -->
</testng-results>
